9789356957466
9789356957480
9789359420752
9789359420882
9789359420479
9789356957435
9789359420615
9789356957428
9789359420417
9789359420547
9789356955721
9789359421032
9789359421117
9789359420592
9789356957831
9789356955745
9789356957824
9789359420127
9789356953086
9789356957848
9789356953055
9789356955080
9789359420202
9789356953079
9789359425757
9789359420639
9789356953093
9789359420936
9789395686013
9789359422701
9789359429281
9789359423685
9788199053571
9789356958029
9789356958333
9789356958036
9789356957916
9789359429120
9789356958340
9789356957947
9789356958326
9789359426129
9789359428185
9789359429915
9789359427225
9789359428529
9789359423388
9789359427560
9789359427942
9789359429854
9789359423845
9789348658326
9788199133860
9789395686129
9789395686112
9789395686143
9789395686105
9789395686136
9789348138323
9789359425627
9789359423876
9788199133891
9789390102075
9789390102488
9789359428482
9788199074835
9788119478286
9789359426440
9789394505742
9789394505773
9789390102143
9788199002074
9789395643221
9789395301183
9789395277563
9789395441384
9789359424187
9789395598477
9788199002081
9789359423302
9789349330283
9788119166978
9788119166893
9789356957114
9789356957138
9789356957107
9789356957169
9789359428246
9789359425351
9789395301404
9789394758544
9789356959026
9789395441018
9789394758346
9789395686037
9789395598439
9789395301473
9789395686044
9789359421957
9789394758537
9789395301435
9789395301527
9789394758261
9789356956520
9789356956407
9789348658982
9789356956513
9789356956490
9789356956360
9789356956506
9789348658371
9789348658531
9789348658869
9789356956353
9789356956346
9789348658937
9789356956537
9789356956384
9789356956377
9789356956544
9789356956551
9789348658678
9789348658302
9789356956391
9789359427690
9789348658319
9789356958364
9789348138446
9788119257683
9788119257676
9789359422879
9789359429731
9789356957329
9788119257331
9788199234246
9788199170117
9788199337411
9789390102846
9789390102228
9789390102624
9788199292468
9789390102518
9788119257324
9788119257461
9789356954991
9789395686402
9789348970497
9789348658630
9789356957961
9788119478002
9789356957985
9788197977626
9789359428918
9788197977695
9789394922952
9789394922433
9789356951556
9789348970022
9789349679733
9789395416313
9789395598668
9789395643740
9789395248778
9789395686501
9789395643696
9789395416283
9789356955493
9789395598644
9789349679481
9788197977602
9789348970602
9789395598736
9788197977633
9789395686471
9789356951501
9789359427614
9789359422299
9789359429366
9789395416368
9789395643733
9789359427089
9789356951525
9789348970657
9788198857323
9789359428635
9789395301930
9789349679085
9789359423272
9789395416290
9789348970145
9789395248792
9789349679016
9789359427249
9789395301718
9789356951471
9789395301695
9789348970565
9789395416993
9789356951532
9789359427218
9789356951518
9789395301701
9789395598705
9789348970763
9789356955943
9789359423227
9789395643672
9789395248815
9789348970015
9789356955523
9789395441070
9789395441094
9789394922020
9789394922983
9789359425955
9789359423500
9789356957657
9789395166003
9789359423364
9789359429786
9788198985712
9788119478880
9788119556311
9789359425894
9789359421360
9788119556526
9788119556151
9789356959071
9788119556267
9788198824226
9788119478095
9788199186064
9789359429540
9789359428680
9789349330795
9789395166027
9788119478088
9788199234260
9788119556144
9789359423708
9788199186019
9789359423883
9788119556281
9789359423753
9788119478934
9789359429809
9789348970848
9788199337459
9789359426686
9788199292451
9789359423982
9788119556298
9788119556083
9788198824271
9788198985767
9789356959088
9788119556830
9789348561435
9789359428390
9789395166058
9788119478866
9789395166072
9789359428833
9788119556489
9788119556182
9789359429564
9788199262720
9789359423494
9789349330245
9789349330634
9788119556243
9789359421377
9788119478927
9788119556359
9789359428024
9789395166096
9789359428673
9788198935571
9789359424576
9788119478972
9789356959057
9789349330832
9789356954861
9789349679238
9789356952645
9789356952676
9789359425658
9789395416849
9789395416863
9789395416870
9789395416894
9789395416825
9789395598538
9789395416818
9789395166140
9789395416832
9789395416856
9789395166171
9789395598545
9789395001694
9789395001410
9789395001618
9789356956094
9788199186026
9789356956100
9789356956216
9789356956230
9789356956223
9789356956780
9789348561800
9789348561251
9789348561909
9789356956650
9789356956612
9789356956711
9789359423296
9789348561473
9789348561367
9789348561794
9788119478651
9789348561459
9789348561671
9789348561114
9789348561091
9788119478576
9789348561749
9789348561848
9788119556755
9789348561787
9789356956759
9789348561312
9789356956674
9788119478675
9789348561756
9789348561329
9789356956827
9789356956827
9789348561206
9789348561381
9789348561923
9789348561442
9789348561138
9789348138644
9789348138927
9789348138835
9789348138064
9789348138781
9789348138996
9789348561374
9788119556564
9789348561244
9789348561152
9789348561589
9789348561602
9789348561350
9788119478743
9788119478569
9789348561886
9789348561299
9789359426600
9788119478583
9789395166478
9788119166091
9789356952812
9789356956452
9789395598385
9789395643955
9789395441995
9789395277761
9789395598392
9789395598422
9789395598330
9789395416542
9789356950894
9789359424705
9789395598347
9789395277747
9789356950863
9789395598323
9789395277792
9789395598361
9789395686808
9789395277815
9789395416528
9789395416597
9788198758941
9789394505940
9789395598071
9789394833548
9789394505100
9789394833623
9789394833579
9789395441865
9789395441766
9789395643474
9789359424163
9788119478057
9789356952980
9789394505438
9789356956254
9789395643504
9789356956179
9789395166744
9789356950153
9789395166911
9788119257423
9789349679573
9789359426778
9789359426648
9789359422619
9789359423197
9789359428123
9789359425214
9789349330702
02
03
06
09
10
12
13
17
18
22
26
28
291
292
31
32
33
34
35
36
37
38
39
40
41
42
43
44
45
46
49
51
54
56
58
59
60
61
64
65
67
68
69
70
73
74
76
77
79
81
82
83
86
87
88
89
90
92
94
95
96